<?xml version="1.0" encoding="UTF-8"?>
<!-- Generated by org.testng.reporters.JUnitXMLReporter -->
<testsuite ignored="0" hostname="wison" failures="1" tests="5" name="TestNG" time="334.622" errors="0" timestamp="2025-06-13T20:28:57 GMT+08:00">
  <testcase classname="test.Admin_login_test" name="T1" time="3.303"/>
  <testcase classname="test.survey_Creation_Test_4" name="T1" time="33.768"/>
  <testcase classname="test.Doctor_creation_test_2" name="T1" time="85.351"/>
  <testcase classname="test.Patient_Case_Test_3" name="T1" time="168.593"/>
  <testcase classname="test.Patient_survey_test_5" name="T1" time="35.571">
    <failure type="org.openqa.selenium.InvalidArgumentException" message="invalid argument: File not found : C:\4isolution\src\test\resources\623b2d2ad2f8d82850218e628598eeed.jpg
  (Session info: chrome=137.0.7151.104)
Build info: version: &amp;apos;4.9.1&amp;apos;, revision: &amp;apos;eb2032df7f&amp;apos;
System info: os.name: &amp;apos;Windows 11&amp;apos;, os.arch: &amp;apos;amd64&amp;apos;, os.version: &amp;apos;10.0&amp;apos;, java.version: &amp;apos;23.0.1&amp;apos;
Driver info: org.openqa.selenium.chrome.ChromeDriver
Command: [35b23e4ae0e0af5d651adfce9625542a, sendKeysToElement {id=f.DF1AEB0284FB12C6DA07006516C29B3B.d.2830949609873DC407B8D646F0E54D0D.e.95293, value=[Ljava.lang.CharSequence;@14e750c5}]
Capabilities {acceptInsecureCerts: false, browserName: chrome, browserVersion: 137.0.7151.104, chrome: {chromedriverVersion: 137.0.7151.70 (dfa4dc56b2ab..., userDataDir: C:\Users\WILSON~1\AppData\L...}, fedcm:accounts: true, goog:chromeOptions: {debuggerAddress: localhost:18534}, networkConnectionEnabled: false, pageLoadStrategy: normal, platformName: windows, proxy: Proxy(), se:cdp: ws://localhost:18534/devtoo..., se:cdpVersion: 137.0.7151.104, setWindowRect: true, strictFileInteractability: false, timeouts: {implicit: 0, pageLoad: 300000, script: 30000}, unhandledPromptBehavior: dismiss and notify, webauthn:extension:credBlob: true, webauthn:extension:largeBlob: true, webauthn:extension:minPinLength: true, webauthn:extension:prf: true, webauthn:virtualAuthenticators: true}
Element: [[ChromeDriver: chrome on windows (35b23e4ae0e0af5d651adfce9625542a)] -&amp;gt; xpath: //input[@type=&amp;apos;file&amp;apos; and @name=&amp;apos;attachments[]&amp;apos;]]
Session ID: 35b23e4ae0e0af5d651adfce9625542a">
      <![CDATA[org.openqa.selenium.InvalidArgumentException: invalid argument: File not found : C:\4isolution\src\test\resources\623b2d2ad2f8d82850218e628598eeed.jpg
  (Session info: chrome=137.0.7151.104)
Build info: version: '4.9.1', revision: 'eb2032df7f'
System info: os.name: 'Windows 11', os.arch: 'amd64', os.version: '10.0', java.version: '23.0.1'
Driver info: org.openqa.selenium.chrome.ChromeDriver
Command: [35b23e4ae0e0af5d651adfce9625542a, sendKeysToElement {id=f.DF1AEB0284FB12C6DA07006516C29B3B.d.2830949609873DC407B8D646F0E54D0D.e.95293, value=[Ljava.lang.CharSequence;@14e750c5}]
Capabilities {acceptInsecureCerts: false, browserName: chrome, browserVersion: 137.0.7151.104, chrome: {chromedriverVersion: 137.0.7151.70 (dfa4dc56b2ab..., userDataDir: C:\Users\WILSON~1\AppData\L...}, fedcm:accounts: true, goog:chromeOptions: {debuggerAddress: localhost:18534}, networkConnectionEnabled: false, pageLoadStrategy: normal, platformName: windows, proxy: Proxy(), se:cdp: ws://localhost:18534/devtoo..., se:cdpVersion: 137.0.7151.104, setWindowRect: true, strictFileInteractability: false, timeouts: {implicit: 0, pageLoad: 300000, script: 30000}, unhandledPromptBehavior: dismiss and notify, webauthn:extension:credBlob: true, webauthn:extension:largeBlob: true, webauthn:extension:minPinLength: true, webauthn:extension:prf: true, webauthn:virtualAuthenticators: true}
Element: [[ChromeDriver: chrome on windows (35b23e4ae0e0af5d651adfce9625542a)] -> xpath: //input[@type='file' and @name='attachments[]']]
Session ID: 35b23e4ae0e0af5d651adfce9625542a
at org.openqa.selenium.remote.codec.w3c.W3CHttpResponseCodec.createException(W3CHttpResponseCodec.java:200)
at org.openqa.selenium.remote.codec.w3c.W3CHttpResponseCodec.decode(W3CHttpResponseCodec.java:133)
at org.openqa.selenium.remote.codec.w3c.W3CHttpResponseCodec.decode(W3CHttpResponseCodec.java:53)
at org.openqa.selenium.remote.HttpCommandExecutor.execute(HttpCommandExecutor.java:193)
at org.openqa.selenium.remote.service.DriverCommandExecutor.invokeExecute(DriverCommandExecutor.java:183)
at org.openqa.selenium.remote.service.DriverCommandExecutor.execute(DriverCommandExecutor.java:158)
at org.openqa.selenium.remote.RemoteWebDriver.execute(RemoteWebDriver.java:543)
at org.openqa.selenium.remote.RemoteWebElement.execute(RemoteWebElement.java:257)
at org.openqa.selenium.remote.RemoteWebElement.sendKeys(RemoteWebElement.java:113)
at fouri.pages.Patient_survey_5.test(Patient_survey_5.java:85)
at test.Patient_survey_test_5.T1(Patient_survey_test_5.java:15)
at java.base/java.util.ArrayList.forEach(ArrayList.java:1597)
... Removed 28 stack frames]]>
    </failure>
  </testcase> <!-- T1 -->
</testsuite> <!-- TestNG -->
